# JRE version: Java(TM) SE Runtime Environment (17.0.10+11) (build 17.0.10+11-LTS-240)
# Java VM: Java HotSpot(TM) 64-Bit Server VM (17.0.10+11-LTS-240, mixed mode, sharing, tiered, compressed oops, compressed class ptrs, g1 gc, windows-amd64)
GC Precious Log:
 CPUs: 8 total, 8 available
 Memory: 7975M
 Large Page Support: Disabled
 NUMA Support: Disabled
 Compressed Oops: Enabled (32-bit)
 Heap Region Size: 1M
 Heap Min Capacity: 8M
 Heap Initial Capacity: 126M
 Heap Max Capacity: 2G
 Pre-touch: Disabled
 Parallel Workers: 8
 Concurrent Workers: 2
 Concurrent Refinement Workers: 8
 Periodic GC: Disabled
Heap:
 garbage-first heap   total 151552K, used 95232K [0x0000000080000000, 0x0000000100000000)
  region size 1024K, 6 young (6144K), 6 survivors (6144K)
 Metaspace       used 78934K, committed 80000K, reserved 557056K
  class space    used 11129K, committed 11648K, reserved 425984K
GC Heap History (20 events):
Event: 17.836 GC heap after
{Heap after GC invocations=27 (full 0):
 garbage-first heap   total 151552K, used 56342K [0x0000000080000000, 0x0000000100000000)
  region size 1024K, 2 young (2048K), 2 survivors (2048K)
 Metaspace       used 63804K, committed 64576K, reserved 491520K
  class space    used 8941K, committed 9280K, reserved 425984K
}
Event: 18.783 GC heap before
{Heap before GC invocations=28 (full 0):
 garbage-first heap   total 151552K, used 111638K [0x0000000080000000, 0x0000000100000000)
  region size 1024K, 56 young (57344K), 2 survivors (2048K)
 Metaspace       used 67624K, committed 68480K, reserved 491520K
  class space    used 9573K, committed 9984K, reserved 425984K
}
Event: 18.787 GC heap after
{Heap after GC invocations=29 (full 0):
 garbage-first heap   total 151552K, used 58178K [0x0000000080000000, 0x0000000100000000)
  region size 1024K, 4 young (4096K), 4 survivors (4096K)
 Metaspace       used 67624K, committed 68480K, reserved 491520K
  class space    used 9573K, committed 9984K, reserved 425984K
}
Event: 18.864 GC heap before
{Heap before GC invocations=29 (full 0):
 garbage-first heap   total 151552K, used 61250K [0x0000000080000000, 0x0000000100000000)
  region size 1024K, 7 young (7168K), 4 survivors (4096K)
 Metaspace       used 67765K, committed 68544K, reserved 491520K
  class space    used 9607K, committed 9984K, reserved 425984K
}
Event: 18.868 GC heap after
{Heap after GC invocations=30 (full 0):
 garbage-first heap   total 151552K, used 58488K [0x0000000080000000, 0x0000000100000000)
  region size 1024K, 1 young (1024K), 1 survivors (1024K)
 Metaspace       used 67765K, committed 68544K, reserved 491520K
  class space    used 9607K, committed 9984K, reserved 425984K
}
Event: 19.877 GC heap before
{Heap before GC invocations=30 (full 0):
 garbage-first heap   total 151552K, used 114808K [0x0000000080000000, 0x0000000100000000)
  region size 1024K, 56 young (57344K), 1 survivors (1024K)
 Metaspace       used 71059K, committed 71872K, reserved 491520K
  class space    used 10063K, committed 10432K, reserved 425984K
}
Event: 19.882 GC heap after
{Heap after GC invocations=31 (full 0):
 garbage-first heap   total 151552K, used 63322K [0x0000000080000000, 0x0000000100000000)
  region size 1024K, 6 young (6144K), 6 survivors (6144K)
 Metaspace       used 71059K, committed 71872K, reserved 491520K
  class space    used 10063K, committed 10432K, reserved 425984K
}
Event: 21.508 GC heap before
{Heap before GC invocations=31 (full 0):
 garbage-first heap   total 151552K, used 116570K [0x0000000080000000, 0x0000000100000000)
  region size 1024K, 58 young (59392K), 6 survivors (6144K)
 Metaspace       used 73855K, committed 74752K, reserved 491520K
  class space    used 10462K, committed 10880K, reserved 425984K
}
Event: 21.516 GC heap after
{Heap after GC invocations=32 (full 0):
 garbage-first heap   total 151552K, used 67511K [0x0000000080000000, 0x0000000100000000)
  region size 1024K, 7 young (7168K), 7 survivors (7168K)
 Metaspace       used 73855K, committed 74752K, reserved 491520K
  class space    used 10462K, committed 10880K, reserved 425984K
}
Event: 23.023 GC heap before
{Heap before GC invocations=32 (full 0):
 garbage-first heap   total 151552K, used 116663K [0x0000000080000000, 0x0000000100000000)
  region size 1024K, 56 young (57344K), 7 survivors (7168K)
 Metaspace       used 76319K, committed 77248K, reserved 557056K
  class space    used 10862K, committed 11264K, reserved 425984K
}
Event: 23.033 GC heap after
{Heap after GC invocations=33 (full 0):
 garbage-first heap   total 151552K, used 72138K [0x0000000080000000, 0x0000000100000000)
  region size 1024K, 7 young (7168K), 7 survivors (7168K)
 Metaspace       used 76319K, committed 77248K, reserved 557056K
  class space    used 10862K, committed 11264K, reserved 425984K
}
Event: 24.698 GC heap before
{Heap before GC invocations=33 (full 0):
 garbage-first heap   total 151552K, used 117194K [0x0000000080000000, 0x0000000100000000)
  region size 1024K, 52 young (53248K), 7 survivors (7168K)
 Metaspace       used 78048K, committed 79104K, reserved 557056K
  class space    used 11050K, committed 11584K, reserved 425984K
}
Event: 24.706 GC heap after
{Heap after GC invocations=34 (full 0):
 garbage-first heap   total 151552K, used 78138K [0x0000000080000000, 0x0000000100000000)
  region size 1024K, 7 young (7168K), 7 survivors (7168K)
 Metaspace       used 78048K, committed 79104K, reserved 557056K
  class space    used 11050K, committed 11584K, reserved 425984K
}
Event: 24.947 GC heap before
{Heap before GC invocations=34 (full 0):
 garbage-first heap   total 151552K, used 118074K [0x0000000080000000, 0x0000000100000000)
  region size 1024K, 47 young (48128K), 7 survivors (7168K)
 Metaspace       used 78165K, committed 79232K, reserved 557056K
  class space    used 11050K, committed 11584K, reserved 425984K
}
Event: 24.954 GC heap after
{Heap after GC invocations=35 (full 0):
 garbage-first heap   total 151552K, used 81173K [0x0000000080000000, 0x0000000100000000)
  region size 1024K, 4 young (4096K), 4 survivors (4096K)
 Metaspace       used 78165K, committed 79232K, reserved 557056K
  class space    used 11050K, committed 11584K, reserved 425984K
}
Event: 25.098 GC heap before
{Heap before GC invocations=35 (full 0):
 garbage-first heap   total 151552K, used 120085K [0x0000000080000000, 0x0000000100000000)
  region size 1024K, 43 young (44032K), 4 survivors (4096K)
 Metaspace       used 78174K, committed 79232K, reserved 557056K
  class space    used 11050K, committed 11584K, reserved 425984K
}
Event: 25.103 GC heap after
{Heap after GC invocations=36 (full 0):
 garbage-first heap   total 151552K, used 82687K [0x0000000080000000, 0x0000000100000000)
  region size 1024K, 4 young (4096K), 4 survivors (4096K)
 Metaspace       used 78174K, committed 79232K, reserved 557056K
  class space    used 11050K, committed 11584K, reserved 425984K
}
Event: 25.248 GC heap before
{Heap before GC invocations=36 (full 0):
 garbage-first heap   total 151552K, used 120575K [0x0000000080000000, 0x0000000100000000)
  region size 1024K, 42 young (43008K), 4 survivors (4096K)
 Metaspace       used 78177K, committed 79232K, reserved 557056K
  class space    used 11050K, committed 11584K, reserved 425984K
}
Event: 25.252 GC heap after
{Heap after GC invocations=37 (full 0):
 garbage-first heap   total 151552K, used 83512K [0x0000000080000000, 0x0000000100000000)
  region size 1024K, 4 young (4096K), 4 survivors (4096K)
 Metaspace       used 78177K, committed 79232K, reserved 557056K
  class space    used 11050K, committed 11584K, reserved 425984K
}
Event: 25.804 GC heap before
{Heap before GC invocations=37 (full 0):
 garbage-first heap   total 151552K, used 127544K [0x0000000080000000, 0x0000000100000000)
  region size 1024K, 42 young (43008K), 4 survivors (4096K)
 Metaspace       used 78934K, committed 80000K, reserved 557056K
  class space    used 11129K, committed 11648K, reserved 425984K
}

